<?xml version="1.0" encoding="UTF-8"?>
<!-- Generated by org.testng.reporters.JUnitXMLReporter -->
<testsuite ignored="1" hostname="RRT-Upasraya" failures="0" tests="5" name="Test" time="12.155" errors="0" timestamp="2023-05-12T11:56:05 IST">
  <testcase classname="main.ExcelDPMain" name="checkTitle" time="0.051"/>
  <testcase classname="main.ExcelDPMain" name="checkUsers" time="1.257"/>
  <testcase classname="main.ExcelDPMain" name="checkUsers" time="1.197"/>
  <testcase classname="main.ExcelDPMain" name="checkUsers" time="1.188"/>
  <testcase classname="main.ExcelDPMain" name="checkUsers" time="1.183"/>
  <testcase classname="main.ExcelDPMain" name="sampleDP" time="0.0">
    <ignored/>
  </testcase> <!-- sampleDP -->
</testsuite> <!-- Test -->
