<?xml version="1.0" encoding="UTF-8"?>
<testng-results ignored="1" total="6" passed="5" failed="0" skipped="0">
  <reporter-output>
  </reporter-output>
  <suite started-at="2023-05-12T11:55:53 IST" name="Suite" finished-at="2023-05-12T11:56:05 IST" duration-ms="12155">
    <groups>
    </groups>
    <test started-at="2023-05-12T11:55:53 IST" name="Test" finished-at="2023-05-12T11:56:05 IST" duration-ms="12155">
      <class name="main.ExcelDPMain">
        <test-method is-config="true" signature="initBrowser(java.lang.String)[pri:0, instance:main.ExcelDPMain@4b45a2f5]" started-at="2023-05-12T11:55:53 IST" name="initBrowser" finished-at="2023-05-12T11:55:59 IST" duration-ms="6149" status="PASS">
          <params>
            <param index="0">
              <value>
                <![CDATA[https://www.saucedemo.com/]]>
              </value>
            </param>
          </params>
          <reporter-output>
          </reporter-output>
        </test-method> <!-- initBrowser -->
        <test-method signature="checkTitle()[pri:0, instance:main.ExcelDPMain@4b45a2f5]" started-at="2023-05-12T11:55:59 IST" name="checkTitle" finished-at="2023-05-12T11:55:59 IST" duration-ms="51" status="PASS">
          <reporter-output>
          </reporter-output>
        </test-method> <!-- checkTitle -->
        <test-method signature="checkUsers(java.lang.String,java.lang.String,java.lang.String,java.lang.String)[pri:1, instance:main.ExcelDPMain@4b45a2f5]" started-at="2023-05-12T11:56:00 IST" name="checkUsers" data-provider="sauceusers" finished-at="2023-05-12T11:56:01 IST" duration-ms="1257" status="PASS">
          <params>
            <param index="0">
              <value>
                <![CDATA[1.0]]>
              </value>
            </param>
            <param index="1">
              <value>
                <![CDATA[standard_user]]>
              </value>
            </param>
            <param index="2">
              <value>
                <![CDATA[secret_sauce]]>
              </value>
            </param>
            <param index="3">
              <value>
                <![CDATA[p]]>
              </value>
            </param>
          </params>
          <reporter-output>
          </reporter-output>
        </test-method> <!-- checkUsers -->
        <test-method signature="checkUsers(java.lang.String,java.lang.String,java.lang.String,java.lang.String)[pri:1, instance:main.ExcelDPMain@4b45a2f5]" started-at="2023-05-12T11:56:01 IST" name="checkUsers" data-provider="sauceusers" finished-at="2023-05-12T11:56:03 IST" duration-ms="1197" status="PASS">
          <params>
            <param index="0">
              <value>
                <![CDATA[2.0]]>
              </value>
            </param>
            <param index="1">
              <value>
                <![CDATA[locked_out_user]]>
              </value>
            </param>
            <param index="2">
              <value>
                <![CDATA[secret_sauce]]>
              </value>
            </param>
            <param index="3">
              <value>
                <![CDATA[f]]>
              </value>
            </param>
          </params>
          <reporter-output>
          </reporter-output>
        </test-method> <!-- checkUsers -->
        <test-method signature="checkUsers(java.lang.String,java.lang.String,java.lang.String,java.lang.String)[pri:1, instance:main.ExcelDPMain@4b45a2f5]" started-at="2023-05-12T11:56:03 IST" name="checkUsers" data-provider="sauceusers" finished-at="2023-05-12T11:56:04 IST" duration-ms="1188" status="PASS">
          <params>
            <param index="0">
              <value>
                <![CDATA[3.0]]>
              </value>
            </param>
            <param index="1">
              <value>
                <![CDATA[problem_user]]>
              </value>
            </param>
            <param index="2">
              <value>
                <![CDATA[secret_sauce]]>
              </value>
            </param>
            <param index="3">
              <value>
                <![CDATA[f]]>
              </value>
            </param>
          </params>
          <reporter-output>
          </reporter-output>
        </test-method> <!-- checkUsers -->
        <test-method signature="checkUsers(java.lang.String,java.lang.String,java.lang.String,java.lang.String)[pri:1, instance:main.ExcelDPMain@4b45a2f5]" started-at="2023-05-12T11:56:04 IST" name="checkUsers" data-provider="sauceusers" finished-at="2023-05-12T11:56:05 IST" duration-ms="1183" status="PASS">
          <params>
            <param index="0">
              <value>
                <![CDATA[4.0]]>
              </value>
            </param>
            <param index="1">
              <value>
                <![CDATA[performance_glitch_user]]>
              </value>
            </param>
            <param index="2">
              <value>
                <![CDATA[secret_sauce]]>
              </value>
            </param>
            <param index="3">
              <value>
                <![CDATA[p]]>
              </value>
            </param>
          </params>
          <reporter-output>
          </reporter-output>
        </test-method> <!-- checkUsers -->
        <test-method is-config="true" signature="tearDown()[pri:0, instance:main.ExcelDPMain@4b45a2f5]" started-at="2023-05-12T11:56:05 IST" name="tearDown" finished-at="2023-05-12T11:56:05 IST" duration-ms="175" status="PASS">
          <reporter-output>
          </reporter-output>
        </test-method> <!-- tearDown -->
      </class> <!-- main.ExcelDPMain -->
    </test> <!-- Test -->
  </suite> <!-- Suite -->
</testng-results>
